# JRE version: Java(TM) SE Runtime Environment (13.0.2+8) (build 13.0.2+8)
# Java VM: Java HotSpot(TM) 64-Bit Server VM (13.0.2+8, mixed mode, sharing, tiered, compressed oops, g1 gc, windows-amd64)
Heap:
 garbage-first heap   total 110592K, used 32970K [0x0000000083c00000, 0x0000000100000000)
  region size 1024K, 7 young (7168K), 5 survivors (5120K)
 Metaspace       used 34574K, capacity 35772K, committed 36096K, reserved 1079296K
  class space    used 4781K, capacity 5253K, committed 5376K, reserved 1048576K
GC Heap History (20 events):
Event: 2.461 GC heap before
{Heap before GC invocations=4 (full 0):
 garbage-first heap   total 129024K, used 69080K [0x0000000083c00000, 0x0000000100000000)
  region size 1024K, 50 young (51200K), 3 survivors (3072K)
 Metaspace       used 16501K, capacity 17072K, committed 17408K, reserved 1064960K
  class space    used 2222K, capacity 2461K, committed 2560K, reserved 1048576K
}
Event: 2.465 GC heap after
{Heap after GC invocations=5 (full 0):
 garbage-first heap   total 129024K, used 23412K [0x0000000083c00000, 0x0000000100000000)
  region size 1024K, 4 young (4096K), 4 survivors (4096K)
 Metaspace       used 16501K, capacity 17072K, committed 17408K, reserved 1064960K
  class space    used 2222K, capacity 2461K, committed 2560K, reserved 1048576K
}
Event: 2.825 GC heap before
{Heap before GC invocations=5 (full 0):
 garbage-first heap   total 129024K, used 79732K [0x0000000083c00000, 0x0000000100000000)
  region size 1024K, 60 young (61440K), 4 survivors (4096K)
 Metaspace       used 18147K, capacity 18867K, committed 19072K, reserved 1064960K
  class space    used 2442K, capacity 2678K, committed 2688K, reserved 1048576K
}
Event: 2.829 GC heap after
{Heap after GC invocations=6 (full 0):
 garbage-first heap   total 129024K, used 24190K [0x0000000083c00000, 0x0000000100000000)
  region size 1024K, 5 young (5120K), 5 survivors (5120K)
 Metaspace       used 18147K, capacity 18867K, committed 19072K, reserved 1064960K
  class space    used 2442K, capacity 2678K, committed 2688K, reserved 1048576K
}
Event: 3.409 GC heap before
{Heap before GC invocations=6 (full 0):
 garbage-first heap   total 129024K, used 76414K [0x0000000083c00000, 0x0000000100000000)
  region size 1024K, 57 young (58368K), 5 survivors (5120K)
 Metaspace       used 20391K, capacity 21172K, committed 21248K, reserved 1067008K
  class space    used 2774K, capacity 3033K, committed 3072K, reserved 1048576K
}
Event: 3.417 GC heap after
{Heap after GC invocations=7 (full 0):
 garbage-first heap   total 129024K, used 25821K [0x0000000083c00000, 0x0000000100000000)
  region size 1024K, 5 young (5120K), 5 survivors (5120K)
 Metaspace       used 20391K, capacity 21172K, committed 21248K, reserved 1067008K
  class space    used 2774K, capacity 3033K, committed 3072K, reserved 1048576K
}
Event: 4.161 GC heap before
{Heap before GC invocations=8 (full 0):
 garbage-first heap   total 92160K, used 75997K [0x0000000083c00000, 0x0000000100000000)
  region size 1024K, 54 young (55296K), 5 survivors (5120K)
 Metaspace       used 24244K, capacity 25235K, committed 25344K, reserved 1071104K
  class space    used 3353K, capacity 3743K, committed 3840K, reserved 1048576K
}
Event: 4.166 GC heap after
{Heap after GC invocations=9 (full 0):
 garbage-first heap   total 92160K, used 28119K [0x0000000083c00000, 0x0000000100000000)
  region size 1024K, 5 young (5120K), 5 survivors (5120K)
 Metaspace       used 24244K, capacity 25235K, committed 25344K, reserved 1071104K
  class space    used 3353K, capacity 3743K, committed 3840K, reserved 1048576K
}
Event: 4.435 GC heap before
{Heap before GC invocations=9 (full 0):
 garbage-first heap   total 92160K, used 67031K [0x0000000083c00000, 0x0000000100000000)
  region size 1024K, 44 young (45056K), 5 survivors (5120K)
 Metaspace       used 25846K, capacity 26875K, committed 27008K, reserved 1073152K
  class space    used 3546K, capacity 3949K, committed 3968K, reserved 1048576K
}
Event: 4.441 GC heap after
{Heap after GC invocations=10 (full 0):
 garbage-first heap   total 110592K, used 29180K [0x0000000083c00000, 0x0000000100000000)
  region size 1024K, 4 young (4096K), 4 survivors (4096K)
 Metaspace       used 25846K, capacity 26875K, committed 27008K, reserved 1073152K
  class space    used 3546K, capacity 3949K, committed 3968K, reserved 1048576K
}
Event: 4.598 GC heap before
{Heap before GC invocations=10 (full 0):
 garbage-first heap   total 110592K, used 80380K [0x0000000083c00000, 0x0000000100000000)
  region size 1024K, 55 young (56320K), 4 survivors (4096K)
 Metaspace       used 26230K, capacity 27310K, committed 27648K, reserved 1073152K
  class space    used 3582K, capacity 3987K, committed 4096K, reserved 1048576K
}
Event: 4.602 GC heap after
{Heap after GC invocations=11 (full 0):
 garbage-first heap   total 110592K, used 29604K [0x0000000083c00000, 0x0000000100000000)
  region size 1024K, 5 young (5120K), 5 survivors (5120K)
 Metaspace       used 26230K, capacity 27310K, committed 27648K, reserved 1073152K
  class space    used 3582K, capacity 3987K, committed 4096K, reserved 1048576K
}
Event: 4.917 GC heap before
{Heap before GC invocations=11 (full 0):
 garbage-first heap   total 110592K, used 81828K [0x0000000083c00000, 0x0000000100000000)
  region size 1024K, 57 young (58368K), 5 survivors (5120K)
 Metaspace       used 27962K, capacity 29149K, committed 29312K, reserved 1075200K
  class space    used 3776K, capacity 4202K, committed 4224K, reserved 1048576K
}
Event: 4.921 GC heap after
{Heap after GC invocations=12 (full 0):
 garbage-first heap   total 110592K, used 29856K [0x0000000083c00000, 0x0000000100000000)
  region size 1024K, 5 young (5120K), 5 survivors (5120K)
 Metaspace       used 27962K, capacity 29149K, committed 29312K, reserved 1075200K
  class space    used 3776K, capacity 4202K, committed 4224K, reserved 1048576K
}
Event: 5.389 GC heap before
{Heap before GC invocations=12 (full 0):
 garbage-first heap   total 110592K, used 85152K [0x0000000083c00000, 0x0000000100000000)
  region size 1024K, 59 young (60416K), 5 survivors (5120K)
 Metaspace       used 30655K, capacity 31778K, committed 32128K, reserved 1077248K
  class space    used 4143K, capacity 4626K, committed 4736K, reserved 1048576K
}
Event: 5.395 GC heap after
{Heap after GC invocations=13 (full 0):
 garbage-first heap   total 110592K, used 31250K [0x0000000083c00000, 0x0000000100000000)
  region size 1024K, 4 young (4096K), 4 survivors (4096K)
 Metaspace       used 30655K, capacity 31778K, committed 32128K, reserved 1077248K
  class space    used 4143K, capacity 4626K, committed 4736K, reserved 1048576K
}
Event: 5.941 GC heap before
{Heap before GC invocations=13 (full 0):
 garbage-first heap   total 110592K, used 86546K [0x0000000083c00000, 0x0000000100000000)
  region size 1024K, 58 young (59392K), 4 survivors (4096K)
 Metaspace       used 33966K, capacity 35225K, committed 35456K, reserved 1079296K
  class space    used 4726K, capacity 5220K, committed 5248K, reserved 1048576K
}
Event: 5.947 GC heap after
{Heap after GC invocations=14 (full 0):
 garbage-first heap   total 110592K, used 32007K [0x0000000083c00000, 0x0000000100000000)
  region size 1024K, 5 young (5120K), 5 survivors (5120K)
 Metaspace       used 33966K, capacity 35225K, committed 35456K, reserved 1079296K
  class space    used 4726K, capacity 5220K, committed 5248K, reserved 1048576K
}
Event: 6.082 GC heap before
{Heap before GC invocations=14 (full 0):
 garbage-first heap   total 110592K, used 36103K [0x0000000083c00000, 0x0000000100000000)
  region size 1024K, 10 young (10240K), 5 survivors (5120K)
 Metaspace       used 34551K, capacity 35711K, committed 35840K, reserved 1079296K
  class space    used 4777K, capacity 5254K, committed 5376K, reserved 1048576K
}
Event: 6.087 GC heap after
{Heap after GC invocations=15 (full 0):
 garbage-first heap   total 110592K, used 31946K [0x0000000083c00000, 0x0000000100000000)
  region size 1024K, 5 young (5120K), 5 survivors (5120K)
 Metaspace       used 34551K, capacity 35711K, committed 35840K, reserved 1079296K
  class space    used 4777K, capacity 5254K, committed 5376K, reserved 1048576K
}

