# JRE version: Java(TM) SE Runtime Environment (13.0.2+8) (build 13.0.2+8)
# Java VM: Java HotSpot(TM) 64-Bit Server VM (13.0.2+8, mixed mode, sharing, tiered, compressed oops, g1 gc, windows-amd64)
Heap:
 garbage-first heap   total 140288K, used 45889K [0x0000000083c00000, 0x0000000100000000)
  region size 1024K, 9 young (9216K), 6 survivors (6144K)
 Metaspace       used 55305K, capacity 56973K, committed 57216K, reserved 1097728K
  class space    used 7635K, capacity 8269K, committed 8320K, reserved 1048576K
GC Heap History (20 events):
Event: 3.819 GC heap before
{Heap before GC invocations=10 (full 0):
 garbage-first heap   total 92160K, used 69296K [0x0000000083c00000, 0x0000000100000000)
  region size 1024K, 45 young (46080K), 5 survivors (5120K)
 Metaspace       used 26277K, capacity 27312K, committed 27648K, reserved 1073152K
  class space    used 3583K, capacity 3987K, committed 4096K, reserved 1048576K
}
Event: 3.824 GC heap after
{Heap after GC invocations=11 (full 0):
 garbage-first heap   total 110592K, used 29441K [0x0000000083c00000, 0x0000000100000000)
  region size 1024K, 2 young (2048K), 2 survivors (2048K)
 Metaspace       used 26277K, capacity 27312K, committed 27648K, reserved 1073152K
  class space    used 3583K, capacity 3987K, committed 4096K, reserved 1048576K
}
Event: 4.092 GC heap before
{Heap before GC invocations=11 (full 0):
 garbage-first heap   total 110592K, used 85761K [0x0000000083c00000, 0x0000000100000000)
  region size 1024K, 58 young (59392K), 2 survivors (2048K)
 Metaspace       used 28003K, capacity 29152K, committed 29312K, reserved 1075200K
  class space    used 3777K, capacity 4202K, committed 4224K, reserved 1048576K
}
Event: 4.096 GC heap after
{Heap after GC invocations=12 (full 0):
 garbage-first heap   total 110592K, used 29827K [0x0000000083c00000, 0x0000000100000000)
  region size 1024K, 3 young (3072K), 3 survivors (3072K)
 Metaspace       used 28003K, capacity 29152K, committed 29312K, reserved 1075200K
  class space    used 3777K, capacity 4202K, committed 4224K, reserved 1048576K
}
Event: 4.432 GC heap before
{Heap before GC invocations=12 (full 0):
 garbage-first heap   total 110592K, used 86147K [0x0000000083c00000, 0x0000000100000000)
  region size 1024K, 58 young (59392K), 3 survivors (3072K)
 Metaspace       used 30095K, capacity 31269K, committed 31488K, reserved 1077248K
  class space    used 4000K, capacity 4498K, committed 4608K, reserved 1048576K
}
Event: 4.436 GC heap after
{Heap after GC invocations=13 (full 0):
 garbage-first heap   total 110592K, used 30910K [0x0000000083c00000, 0x0000000100000000)
  region size 1024K, 4 young (4096K), 4 survivors (4096K)
 Metaspace       used 30095K, capacity 31269K, committed 31488K, reserved 1077248K
  class space    used 4000K, capacity 4498K, committed 4608K, reserved 1048576K
}
Event: 4.796 GC heap before
{Heap before GC invocations=13 (full 0):
 garbage-first heap   total 110592K, used 87230K [0x0000000083c00000, 0x0000000100000000)
  region size 1024K, 59 young (60416K), 4 survivors (4096K)
 Metaspace       used 33408K, capacity 34563K, committed 34688K, reserved 1079296K
  class space    used 4662K, capacity 5147K, committed 5248K, reserved 1048576K
}
Event: 4.800 GC heap after
{Heap after GC invocations=14 (full 0):
 garbage-first heap   total 110592K, used 31569K [0x0000000083c00000, 0x0000000100000000)
  region size 1024K, 5 young (5120K), 5 survivors (5120K)
 Metaspace       used 33408K, capacity 34563K, committed 34688K, reserved 1079296K
  class space    used 4662K, capacity 5147K, committed 5248K, reserved 1048576K
}
Event: 4.903 GC heap before
{Heap before GC invocations=14 (full 0):
 garbage-first heap   total 110592K, used 43857K [0x0000000083c00000, 0x0000000100000000)
  region size 1024K, 18 young (18432K), 5 survivors (5120K)
 Metaspace       used 34569K, capacity 35714K, committed 35840K, reserved 1079296K
  class space    used 4775K, capacity 5254K, committed 5376K, reserved 1048576K
}
Event: 4.910 GC heap after
{Heap after GC invocations=15 (full 0):
 garbage-first heap   total 133120K, used 32023K [0x0000000083c00000, 0x0000000100000000)
  region size 1024K, 5 young (5120K), 5 survivors (5120K)
 Metaspace       used 34569K, capacity 35714K, committed 35840K, reserved 1079296K
  class space    used 4775K, capacity 5254K, committed 5376K, reserved 1048576K
}
Event: 5.530 GC heap before
{Heap before GC invocations=16 (full 0):
 garbage-first heap   total 116736K, used 95511K [0x0000000083c00000, 0x0000000100000000)
  region size 1024K, 68 young (69632K), 5 survivors (5120K)
 Metaspace       used 42018K, capacity 43280K, committed 43392K, reserved 1087488K
  class space    used 5677K, capacity 6166K, committed 6272K, reserved 1048576K
}
Event: 5.536 GC heap after
{Heap after GC invocations=17 (full 0):
 garbage-first heap   total 116736K, used 37747K [0x0000000083c00000, 0x0000000100000000)
  region size 1024K, 9 young (9216K), 9 survivors (9216K)
 Metaspace       used 42018K, capacity 43280K, committed 43392K, reserved 1087488K
  class space    used 5677K, capacity 6166K, committed 6272K, reserved 1048576K
}
Event: 5.854 GC heap before
{Heap before GC invocations=17 (full 0):
 garbage-first heap   total 116736K, used 94067K [0x0000000083c00000, 0x0000000100000000)
  region size 1024K, 64 young (65536K), 9 survivors (9216K)
 Metaspace       used 45780K, capacity 47070K, committed 47232K, reserved 1089536K
  class space    used 6234K, capacity 6725K, committed 6784K, reserved 1048576K
}
Event: 5.862 GC heap after
{Heap after GC invocations=18 (full 0):
 garbage-first heap   total 116736K, used 39458K [0x0000000083c00000, 0x0000000100000000)
  region size 1024K, 2 young (2048K), 2 survivors (2048K)
 Metaspace       used 45780K, capacity 47070K, committed 47232K, reserved 1089536K
  class space    used 6234K, capacity 6725K, committed 6784K, reserved 1048576K
}
Event: 6.240 GC heap before
{Heap before GC invocations=18 (full 0):
 garbage-first heap   total 116736K, used 94754K [0x0000000083c00000, 0x0000000100000000)
  region size 1024K, 56 young (57344K), 2 survivors (2048K)
 Metaspace       used 48607K, capacity 49976K, committed 50304K, reserved 1091584K
  class space    used 6668K, capacity 7173K, committed 7296K, reserved 1048576K
}
Event: 6.243 GC heap after
{Heap after GC invocations=19 (full 0):
 garbage-first heap   total 116736K, used 39893K [0x0000000083c00000, 0x0000000100000000)
  region size 1024K, 3 young (3072K), 3 survivors (3072K)
 Metaspace       used 48607K, capacity 49976K, committed 50304K, reserved 1091584K
  class space    used 6668K, capacity 7173K, committed 7296K, reserved 1048576K
}
Event: 6.595 GC heap before
{Heap before GC invocations=19 (full 0):
 garbage-first heap   total 116736K, used 95189K [0x0000000083c00000, 0x0000000100000000)
  region size 1024K, 57 young (58368K), 3 survivors (3072K)
 Metaspace       used 51997K, capacity 53553K, committed 53632K, reserved 1095680K
  class space    used 7161K, capacity 7748K, committed 7808K, reserved 1048576K
}
Event: 6.599 GC heap after
{Heap after GC invocations=20 (full 0):
 garbage-first heap   total 116736K, used 41396K [0x0000000083c00000, 0x0000000100000000)
  region size 1024K, 4 young (4096K), 4 survivors (4096K)
 Metaspace       used 51997K, capacity 53553K, committed 53632K, reserved 1095680K
  class space    used 7161K, capacity 7748K, committed 7808K, reserved 1048576K
}
Event: 7.035 GC heap before
{Heap before GC invocations=20 (full 0):
 garbage-first heap   total 116736K, used 96692K [0x0000000083c00000, 0x0000000100000000)
  region size 1024K, 58 young (59392K), 4 survivors (4096K)
 Metaspace       used 55002K, capacity 56612K, committed 56832K, reserved 1097728K
  class space    used 7594K, capacity 8191K, committed 8192K, reserved 1048576K
}
Event: 7.041 GC heap after
{Heap after GC invocations=21 (full 0):
 garbage-first heap   total 140288K, used 43841K [0x0000000083c00000, 0x0000000100000000)
  region size 1024K, 6 young (6144K), 6 survivors (6144K)
 Metaspace       used 55002K, capacity 56612K, committed 56832K, reserved 1097728K
  class space    used 7594K, capacity 8191K, committed 8192K, reserved 1048576K
}

